<?xml version="1.0" encoding="UTF-8"?>
<!-- Generated by org.testng.reporters.JUnitReportReporter -->
<testsuite skipped="0" hostname="LAPTOP-HKPJFGE0" name="com.inetbanking.testCases.TC_LoginTest_001" tests="1" failures="0" timestamp="02 Apr 2020 12:57:12 GMT" time="23.290" errors="0">
  <testcase name="loginTest" time="23.290" classname="com.inetbanking.testCases.TC_LoginTest_001"/>
</testsuite> <!-- com.inetbanking.testCases.TC_LoginTest_001 -->
