<?xml version="1.0" encoding="UTF-8"?>
<!-- Generated by org.testng.reporters.JUnitReportReporter -->
<testsuite skipped="0" hostname="LAPTOP-HKPJFGE0" name="com.inetbanking.testCases.TC_AddCustomerTest_003" tests="1" failures="0" timestamp="02 Apr 2020 09:48:28 GMT" time="18.394" errors="0">
  <testcase name="addNewCustomer" time="18.394" classname="com.inetbanking.testCases.TC_AddCustomerTest_003"/>
</testsuite> <!-- com.inetbanking.testCases.TC_AddCustomerTest_003 -->
