<?xml version="1.0" encoding="UTF-8"?>
<!-- Generated by org.testng.reporters.JUnitReportReporter -->
<testsuite skipped="0" hostname="LAPTOP-HKPJFGE0" name="com.inetbanking.testCases.TC_LoginTest_001" tests="1" failures="0" timestamp="05 Apr 2020 17:13:06 GMT" time="58.495" errors="0">
  <testcase name="loginTest" time="58.495" classname="com.inetbanking.testCases.TC_LoginTest_001"/>
</testsuite> <!-- com.inetbanking.testCases.TC_LoginTest_001 -->
